
today is: 2021-10-14 19:11:08.175043
date is: 20211014
collection name is : 20210814  does exists 
**** collection 20210814 removed ****
collection name is : 20210813  does exists 
**** collection 20210813 removed ****
collection name is : 20210812  does exists 
**** collection 20210812 removed ****
collection name is : 20210811  does exists 
**** collection 20210811 removed ****
collection name is : 20210810  does exists 
**** collection 20210810 removed ****
collection name is : 20210809  does exists 
**** collection 20210809 removed ****
collection name is : 20210808  does exists 
**** collection 20210808 removed ****
collection name is : 20210807  does exists 
**** collection 20210807 removed ****
collection name is : 20210806  does exists 
**** collection 20210806 removed ****
collection name is : 20210805  does exists 
**** collection 20210805 removed ****
collection name is : 20210804  does exists 
**** collection 20210804 removed ****
collection name is : 20210803  doesn't exists 
collection name is : 20210802  doesn't exists 
collection name is : 20210801  doesn't exists 
collection name is : 20210731  doesn't exists 
collection name is : 20210730  doesn't exists 
collection name is : 20210729  doesn't exists 
collection name is : 20210728  does exists 
**** collection 20210728 removed ****
collection name is : 20210727  doesn't exists 
collection name is : 20210726  doesn't exists 
collection name is : 20210725  doesn't exists 
collection name is : 20210724  doesn't exists 
collection name is : 20210723  doesn't exists 
collection name is : 20210722  doesn't exists 
collection name is : 20210721  doesn't exists 
collection name is : 20210720  doesn't exists 
collection name is : 20210719  doesn't exists 
collection name is : 20210718  doesn't exists 
collection name is : 20210717  doesn't exists 
collection name is : 20210716  doesn't exists 
collection name is : 20210715  doesn't exists 
collection name is : 20210714  doesn't exists 
collection name is : 20210713  doesn't exists 
collection name is : 20210712  doesn't exists 
collection name is : 20210711  doesn't exists 
collection name is : 20210710  doesn't exists 
collection name is : 20210709  doesn't exists 
collection name is : 20210708  doesn't exists 
collection name is : 20210707  doesn't exists 
collection name is : 20210706  doesn't exists 
collection name is : 20210705  doesn't exists 
collection name is : 20210704  doesn't exists 
collection name is : 20210703  doesn't exists 
collection name is : 20210702  doesn't exists 
collection name is : 20210701  doesn't exists 
collection name is : 20210630  doesn't exists 
collection name is : 20210629  doesn't exists 
collection name is : 20210628  doesn't exists 
collection name is : 20210627  doesn't exists 
collection name is : 20210626  doesn't exists 
collection name is : 20210625  doesn't exists 
collection name is : 20210624  doesn't exists 
collection name is : 20210623  doesn't exists 
collection name is : 20210622  doesn't exists 
collection name is : 20210621  doesn't exists 
collection name is : 20210620  doesn't exists 
collection name is : 20210619  doesn't exists 
collection name is : 20210618  doesn't exists 
collection name is : 20210617  doesn't exists 
collection name is : 20210616  does exists 
**** collection 20210616 removed ****
collection name is : 20210615  doesn't exists 
collection name is : 20210614  doesn't exists 
collection name is : 20210613  does exists 
**** collection 20210613 removed ****
collection name is : 20210612  does exists 
**** collection 20210612 removed ****
collection name is : 20210611  doesn't exists 
collection name is : 20210610  doesn't exists 
collection name is : 20210609  doesn't exists 
collection name is : 20210608  doesn't exists 
collection name is : 20210607  doesn't exists 
collection name is : 20210606  doesn't exists 
collection name is : 20210605  doesn't exists 
collection name is : 20210604  doesn't exists 
collection name is : 20210603  doesn't exists 
collection name is : 20210602  doesn't exists 
collection name is : 20210601  doesn't exists 
collection name is : 20210531  doesn't exists 
collection name is : 20210530  doesn't exists 
collection name is : 20210529  doesn't exists 
collection name is : 20210528  doesn't exists 
collection name is : 20210527  doesn't exists 
collection name is : 20210526  doesn't exists 
collection name is : 20210525  doesn't exists 
collection name is : 20210524  doesn't exists 
collection name is : 20210523  doesn't exists 
collection name is : 20210522  doesn't exists 
collection name is : 20210521  doesn't exists 
collection name is : 20210520  doesn't exists 
collection name is : 20210519  doesn't exists 
collection name is : 20210518  doesn't exists 
collection name is : 20210517  doesn't exists 
collection name is : 20210516  doesn't exists 
collection name is : 20210515  doesn't exists 
collection name is : 20210514  doesn't exists 
collection name is : 20210513  doesn't exists 
collection name is : 20210512  doesn't exists 
collection name is : 20210511  doesn't exists 
collection name is : 20210510  doesn't exists 
collection name is : 20210509  doesn't exists 
collection name is : 20210508  doesn't exists 
collection name is : 20210507  doesn't exists 
today is: 2021-10-14 19:12:27.630181
date is: 20211014
collection name is : 20210914  does exists 
**** collection 20210914 removed ****
collection name is : 20210913  does exists 
**** collection 20210913 removed ****
collection name is : 20210912  does exists 
**** collection 20210912 removed ****
collection name is : 20210911  does exists 
**** collection 20210911 removed ****
collection name is : 20210910  does exists 
**** collection 20210910 removed ****
collection name is : 20210909  does exists 
**** collection 20210909 removed ****
collection name is : 20210908  does exists 
**** collection 20210908 removed ****
collection name is : 20210907  does exists 
**** collection 20210907 removed ****
collection name is : 20210906  does exists 
**** collection 20210906 removed ****
collection name is : 20210905  does exists 
**** collection 20210905 removed ****
collection name is : 20210904  does exists 
**** collection 20210904 removed ****
collection name is : 20210903  does exists 
**** collection 20210903 removed ****
collection name is : 20210902  does exists 
**** collection 20210902 removed ****
collection name is : 20210901  does exists 
**** collection 20210901 removed ****
collection name is : 20210831  does exists 
**** collection 20210831 removed ****
collection name is : 20210830  does exists 
**** collection 20210830 removed ****
collection name is : 20210829  does exists 
**** collection 20210829 removed ****
collection name is : 20210828  does exists 
**** collection 20210828 removed ****
collection name is : 20210827  does exists 
**** collection 20210827 removed ****
collection name is : 20210826  does exists 
**** collection 20210826 removed ****
collection name is : 20210825  does exists 
**** collection 20210825 removed ****
collection name is : 20210824  does exists 
**** collection 20210824 removed ****
collection name is : 20210823  does exists 
**** collection 20210823 removed ****
collection name is : 20210822  does exists 
**** collection 20210822 removed ****
collection name is : 20210821  does exists 
**** collection 20210821 removed ****
collection name is : 20210820  does exists 
**** collection 20210820 removed ****
collection name is : 20210819  does exists 
**** collection 20210819 removed ****
collection name is : 20210818  does exists 
**** collection 20210818 removed ****
collection name is : 20210817  does exists 
**** collection 20210817 removed ****
collection name is : 20210816  does exists 
**** collection 20210816 removed ****
collection name is : 20210815  does exists 
**** collection 20210815 removed ****
collection name is : 20210814  doesn't exists 
collection name is : 20210813  doesn't exists 
collection name is : 20210812  doesn't exists 
collection name is : 20210811  doesn't exists 
collection name is : 20210810  doesn't exists 
collection name is : 20210809  doesn't exists 
collection name is : 20210808  doesn't exists 
collection name is : 20210807  doesn't exists 
collection name is : 20210806  doesn't exists 
collection name is : 20210805  doesn't exists 
collection name is : 20210804  doesn't exists 
collection name is : 20210803  doesn't exists 
collection name is : 20210802  doesn't exists 
collection name is : 20210801  doesn't exists 
collection name is : 20210731  doesn't exists 
collection name is : 20210730  doesn't exists 
collection name is : 20210729  doesn't exists 
collection name is : 20210728  doesn't exists 
collection name is : 20210727  doesn't exists 
collection name is : 20210726  doesn't exists 
collection name is : 20210725  doesn't exists 
collection name is : 20210724  doesn't exists 
collection name is : 20210723  doesn't exists 
collection name is : 20210722  doesn't exists 
collection name is : 20210721  doesn't exists 
collection name is : 20210720  doesn't exists 
collection name is : 20210719  doesn't exists 
collection name is : 20210718  doesn't exists 
collection name is : 20210717  doesn't exists 
collection name is : 20210716  doesn't exists 
collection name is : 20210715  doesn't exists 
collection name is : 20210714  doesn't exists 
collection name is : 20210713  doesn't exists 
collection name is : 20210712  doesn't exists 
collection name is : 20210711  doesn't exists 
collection name is : 20210710  doesn't exists 
collection name is : 20210709  doesn't exists 
collection name is : 20210708  doesn't exists 
collection name is : 20210707  doesn't exists 
collection name is : 20210706  doesn't exists 
collection name is : 20210705  doesn't exists 
collection name is : 20210704  doesn't exists 
collection name is : 20210703  doesn't exists 
collection name is : 20210702  doesn't exists 
collection name is : 20210701  doesn't exists 
collection name is : 20210630  doesn't exists 
collection name is : 20210629  doesn't exists 
collection name is : 20210628  doesn't exists 
collection name is : 20210627  doesn't exists 
collection name is : 20210626  doesn't exists 
collection name is : 20210625  doesn't exists 
collection name is : 20210624  doesn't exists 
collection name is : 20210623  doesn't exists 
collection name is : 20210622  doesn't exists 
collection name is : 20210621  doesn't exists 
collection name is : 20210620  doesn't exists 
collection name is : 20210619  doesn't exists 
collection name is : 20210618  doesn't exists 
collection name is : 20210617  doesn't exists 
collection name is : 20210616  doesn't exists 
collection name is : 20210615  doesn't exists 
collection name is : 20210614  doesn't exists 
collection name is : 20210613  doesn't exists 
collection name is : 20210612  doesn't exists 
collection name is : 20210611  doesn't exists 
collection name is : 20210610  doesn't exists 
collection name is : 20210609  doesn't exists 
collection name is : 20210608  doesn't exists 
collection name is : 20210607  doesn't exists 
